{
  message: 'error in reading users',
  level: 'error',
  label: 'winston custom format',
  timestamp: '22-03-2023 18:40:20'
}
{
  message: 'error in reading users',
  level: 'error',
  label: 'winston custom format',
  timestamp: '22-03-2023 18:51:51'
}
{
  message: 'error in reading users',
  level: 'error',
  label: 'winston custom format',
  timestamp: '26-03-2023 13:07:36'
}
{
  message: 'error in reading users',
  level: 'error',
  label: 'winston custom format',
  timestamp: '29-03-2023 20:27:39'
}
{
  message: 'error in reading users',
  level: 'error',
  label: 'winston custom format',
  timestamp: '29-03-2023 20:27:47'
}
{
  message: 'error in reading users',
  level: 'error',
  label: 'winston custom format',
  timestamp: '29-03-2023 20:27:51'
}
{
  message: 'error in reading users',
  level: 'error',
  label: 'winston custom format',
  timestamp: '29-03-2023 20:28:37'
}
{
  message: 'error in reading users',
  level: 'error',
  label: 'winston custom format',
  timestamp: '29-03-2023 20:38:42'
}
{
  message: 'error in reading users',
  level: 'error',
  label: 'winston custom format',
  timestamp: '29-03-2023 20:38:43'
}
{
  message: 'error in reading users',
  level: 'error',
  label: 'winston custom format',
  timestamp: '29-03-2023 20:39:07'
}
{
  message: 'error in reading users',
  level: 'error',
  label: 'winston custom format',
  timestamp: '29-03-2023 20:39:16'
}
{
  message: 'error in reading users',
  level: 'error',
  label: 'winston custom format',
  timestamp: '29-03-2023 20:39:53'
}
{
  message: 'error in reading users',
  level: 'error',
  label: 'winston custom format',
  timestamp: '29-03-2023 20:39:54'
}
{
  message: 'error in reading users',
  level: 'error',
  label: 'winston custom format',
  timestamp: '29-03-2023 20:40:58'
}
{
  message: 'error in reading users',
  level: 'error',
  label: 'winston custom format',
  timestamp: '29-03-2023 20:41:01'
}
{
  message: 'error in reading users',
  level: 'error',
  label: 'winston custom format',
  timestamp: '29-03-2023 20:41:46'
}
{
  message: 'error in reading users',
  level: 'error',
  label: 'winston custom format',
  timestamp: '29-03-2023 20:43:45'
}
{
  message: 'error in reading users',
  level: 'error',
  label: 'winston custom format',
  timestamp: '29-03-2023 20:47:22'
}
{
  message: 'error in reading users',
  level: 'error',
  label: 'winston custom format',
  timestamp: '29-03-2023 20:48:14'
}
{
  message: 'error in reading users',
  level: 'error',
  label: 'winston custom format',
  timestamp: '29-03-2023 20:48:27'
}
{
  message: 'error in reading users',
  level: 'error',
  label: 'winston custom format',
  timestamp: '29-03-2023 20:50:24'
}
{
  message: 'error in reading users',
  level: 'error',
  label: 'winston custom format',
  timestamp: '29-03-2023 20:54:19'
}
{
  message: 'error in reading users',
  level: 'error',
  label: 'winston custom format',
  timestamp: '29-03-2023 20:54:23'
}
{
  message: 'error in reading users',
  level: 'error',
  label: 'winston custom format',
  timestamp: '02-04-2023 15:38:03'
}
{
  message: 'error in creating user',
  level: 'error',
  label: 'winston custom format',
  timestamp: '12-04-2023 19:11:46'
}
{
  message: 'error in creating user',
  level: 'error',
  label: 'winston custom format',
  timestamp: '12-04-2023 19:11:46'
}
