{
  message: 'Success in reading all -users',
  level: 'info',
  label: 'winston custom format',
  timestamp: '22-03-2023 18:40:20'
}
{
  message: 'warn in reading all users',
  level: 'warn',
  label: 'winston custom format',
  timestamp: '22-03-2023 18:40:20'
}
{
  message: 'error in reading users',
  level: 'error',
  label: 'winston custom format',
  timestamp: '22-03-2023 18:40:20'
}
{
  message: 'debug in reading users',
  level: 'debug',
  label: 'winston custom format',
  timestamp: '22-03-2023 18:40:20'
}
{
  message: 'Success in reading all -users',
  level: 'info',
  label: 'winston custom format',
  timestamp: '22-03-2023 18:51:51'
}
{
  message: 'warn in reading all users',
  level: 'warn',
  label: 'winston custom format',
  timestamp: '22-03-2023 18:51:51'
}
{
  message: 'error in reading users',
  level: 'error',
  label: 'winston custom format',
  timestamp: '22-03-2023 18:51:51'
}
{
  message: 'debug in reading users',
  level: 'debug',
  label: 'winston custom format',
  timestamp: '22-03-2023 18:51:51'
}
{
  message: 'Success in reading all -users',
  level: 'info',
  label: 'winston custom format',
  timestamp: '26-03-2023 13:07:36'
}
{
  message: 'warn in reading all users',
  level: 'warn',
  label: 'winston custom format',
  timestamp: '26-03-2023 13:07:36'
}
{
  message: 'error in reading users',
  level: 'error',
  label: 'winston custom format',
  timestamp: '26-03-2023 13:07:36'
}
{
  message: 'debug in reading users',
  level: 'debug',
  label: 'winston custom format',
  timestamp: '26-03-2023 13:07:36'
}
{
  message: 'Success in reading all -users',
  level: 'info',
  label: 'winston custom format',
  timestamp: '29-03-2023 20:27:39'
}
{
  message: 'warn in reading all users',
  level: 'warn',
  label: 'winston custom format',
  timestamp: '29-03-2023 20:27:39'
}
{
  message: 'error in reading users',
  level: 'error',
  label: 'winston custom format',
  timestamp: '29-03-2023 20:27:39'
}
{
  message: 'debug in reading users',
  level: 'debug',
  label: 'winston custom format',
  timestamp: '29-03-2023 20:27:39'
}
{
  message: 'Success in reading all -users',
  level: 'info',
  label: 'winston custom format',
  timestamp: '29-03-2023 20:27:47'
}
{
  message: 'warn in reading all users',
  level: 'warn',
  label: 'winston custom format',
  timestamp: '29-03-2023 20:27:47'
}
{
  message: 'error in reading users',
  level: 'error',
  label: 'winston custom format',
  timestamp: '29-03-2023 20:27:47'
}
{
  message: 'debug in reading users',
  level: 'debug',
  label: 'winston custom format',
  timestamp: '29-03-2023 20:27:47'
}
{
  message: 'Success in reading all -users',
  level: 'info',
  label: 'winston custom format',
  timestamp: '29-03-2023 20:27:51'
}
{
  message: 'warn in reading all users',
  level: 'warn',
  label: 'winston custom format',
  timestamp: '29-03-2023 20:27:51'
}
{
  message: 'error in reading users',
  level: 'error',
  label: 'winston custom format',
  timestamp: '29-03-2023 20:27:51'
}
{
  message: 'debug in reading users',
  level: 'debug',
  label: 'winston custom format',
  timestamp: '29-03-2023 20:27:51'
}
{
  message: 'Success in reading all -users',
  level: 'info',
  label: 'winston custom format',
  timestamp: '29-03-2023 20:28:37'
}
{
  message: 'warn in reading all users',
  level: 'warn',
  label: 'winston custom format',
  timestamp: '29-03-2023 20:28:37'
}
{
  message: 'error in reading users',
  level: 'error',
  label: 'winston custom format',
  timestamp: '29-03-2023 20:28:37'
}
{
  message: 'debug in reading users',
  level: 'debug',
  label: 'winston custom format',
  timestamp: '29-03-2023 20:28:37'
}
{
  message: 'Success in reading all -users',
  level: 'info',
  label: 'winston custom format',
  timestamp: '29-03-2023 20:38:42'
}
{
  message: 'warn in reading all users',
  level: 'warn',
  label: 'winston custom format',
  timestamp: '29-03-2023 20:38:42'
}
{
  message: 'error in reading users',
  level: 'error',
  label: 'winston custom format',
  timestamp: '29-03-2023 20:38:42'
}
{
  message: 'debug in reading users',
  level: 'debug',
  label: 'winston custom format',
  timestamp: '29-03-2023 20:38:42'
}
{
  message: 'Success in reading all -users',
  level: 'info',
  label: 'winston custom format',
  timestamp: '29-03-2023 20:38:43'
}
{
  message: 'warn in reading all users',
  level: 'warn',
  label: 'winston custom format',
  timestamp: '29-03-2023 20:38:43'
}
{
  message: 'error in reading users',
  level: 'error',
  label: 'winston custom format',
  timestamp: '29-03-2023 20:38:43'
}
{
  message: 'debug in reading users',
  level: 'debug',
  label: 'winston custom format',
  timestamp: '29-03-2023 20:38:43'
}
{
  message: 'Success in reading all -users',
  level: 'info',
  label: 'winston custom format',
  timestamp: '29-03-2023 20:39:07'
}
{
  message: 'warn in reading all users',
  level: 'warn',
  label: 'winston custom format',
  timestamp: '29-03-2023 20:39:07'
}
{
  message: 'error in reading users',
  level: 'error',
  label: 'winston custom format',
  timestamp: '29-03-2023 20:39:07'
}
{
  message: 'debug in reading users',
  level: 'debug',
  label: 'winston custom format',
  timestamp: '29-03-2023 20:39:07'
}
{
  message: 'Success in reading all -users',
  level: 'info',
  label: 'winston custom format',
  timestamp: '29-03-2023 20:39:16'
}
{
  message: 'warn in reading all users',
  level: 'warn',
  label: 'winston custom format',
  timestamp: '29-03-2023 20:39:16'
}
{
  message: 'error in reading users',
  level: 'error',
  label: 'winston custom format',
  timestamp: '29-03-2023 20:39:16'
}
{
  message: 'debug in reading users',
  level: 'debug',
  label: 'winston custom format',
  timestamp: '29-03-2023 20:39:16'
}
{
  message: 'Success in reading all -users',
  level: 'info',
  label: 'winston custom format',
  timestamp: '29-03-2023 20:39:53'
}
{
  message: 'warn in reading all users',
  level: 'warn',
  label: 'winston custom format',
  timestamp: '29-03-2023 20:39:53'
}
{
  message: 'error in reading users',
  level: 'error',
  label: 'winston custom format',
  timestamp: '29-03-2023 20:39:53'
}
{
  message: 'debug in reading users',
  level: 'debug',
  label: 'winston custom format',
  timestamp: '29-03-2023 20:39:53'
}
{
  message: 'Success in reading all -users',
  level: 'info',
  label: 'winston custom format',
  timestamp: '29-03-2023 20:39:54'
}
{
  message: 'warn in reading all users',
  level: 'warn',
  label: 'winston custom format',
  timestamp: '29-03-2023 20:39:54'
}
{
  message: 'error in reading users',
  level: 'error',
  label: 'winston custom format',
  timestamp: '29-03-2023 20:39:54'
}
{
  message: 'debug in reading users',
  level: 'debug',
  label: 'winston custom format',
  timestamp: '29-03-2023 20:39:54'
}
{
  message: 'Success in reading all -users',
  level: 'info',
  label: 'winston custom format',
  timestamp: '29-03-2023 20:40:58'
}
{
  message: 'warn in reading all users',
  level: 'warn',
  label: 'winston custom format',
  timestamp: '29-03-2023 20:40:58'
}
{
  message: 'error in reading users',
  level: 'error',
  label: 'winston custom format',
  timestamp: '29-03-2023 20:40:58'
}
{
  message: 'debug in reading users',
  level: 'debug',
  label: 'winston custom format',
  timestamp: '29-03-2023 20:40:58'
}
{
  message: 'Success in reading all -users',
  level: 'info',
  label: 'winston custom format',
  timestamp: '29-03-2023 20:41:01'
}
{
  message: 'warn in reading all users',
  level: 'warn',
  label: 'winston custom format',
  timestamp: '29-03-2023 20:41:01'
}
{
  message: 'error in reading users',
  level: 'error',
  label: 'winston custom format',
  timestamp: '29-03-2023 20:41:01'
}
{
  message: 'debug in reading users',
  level: 'debug',
  label: 'winston custom format',
  timestamp: '29-03-2023 20:41:01'
}
{
  message: 'Success in reading all -users',
  level: 'info',
  label: 'winston custom format',
  timestamp: '29-03-2023 20:41:45'
}
{
  message: 'warn in reading all users',
  level: 'warn',
  label: 'winston custom format',
  timestamp: '29-03-2023 20:41:46'
}
{
  message: 'error in reading users',
  level: 'error',
  label: 'winston custom format',
  timestamp: '29-03-2023 20:41:46'
}
{
  message: 'debug in reading users',
  level: 'debug',
  label: 'winston custom format',
  timestamp: '29-03-2023 20:41:46'
}
{
  message: 'Success in reading all -users',
  level: 'info',
  label: 'winston custom format',
  timestamp: '29-03-2023 20:43:45'
}
{
  message: 'warn in reading all users',
  level: 'warn',
  label: 'winston custom format',
  timestamp: '29-03-2023 20:43:45'
}
{
  message: 'error in reading users',
  level: 'error',
  label: 'winston custom format',
  timestamp: '29-03-2023 20:43:45'
}
{
  message: 'debug in reading users',
  level: 'debug',
  label: 'winston custom format',
  timestamp: '29-03-2023 20:43:45'
}
{
  message: 'Success in reading all -users',
  level: 'info',
  label: 'winston custom format',
  timestamp: '29-03-2023 20:47:22'
}
{
  message: 'warn in reading all users',
  level: 'warn',
  label: 'winston custom format',
  timestamp: '29-03-2023 20:47:22'
}
{
  message: 'error in reading users',
  level: 'error',
  label: 'winston custom format',
  timestamp: '29-03-2023 20:47:22'
}
{
  message: 'debug in reading users',
  level: 'debug',
  label: 'winston custom format',
  timestamp: '29-03-2023 20:47:22'
}
{
  message: 'Success in reading all -users',
  level: 'info',
  label: 'winston custom format',
  timestamp: '29-03-2023 20:48:14'
}
{
  message: 'warn in reading all users',
  level: 'warn',
  label: 'winston custom format',
  timestamp: '29-03-2023 20:48:14'
}
{
  message: 'error in reading users',
  level: 'error',
  label: 'winston custom format',
  timestamp: '29-03-2023 20:48:14'
}
{
  message: 'debug in reading users',
  level: 'debug',
  label: 'winston custom format',
  timestamp: '29-03-2023 20:48:14'
}
{
  message: 'Success in reading all -users',
  level: 'info',
  label: 'winston custom format',
  timestamp: '29-03-2023 20:48:27'
}
{
  message: 'warn in reading all users',
  level: 'warn',
  label: 'winston custom format',
  timestamp: '29-03-2023 20:48:27'
}
{
  message: 'error in reading users',
  level: 'error',
  label: 'winston custom format',
  timestamp: '29-03-2023 20:48:27'
}
{
  message: 'debug in reading users',
  level: 'debug',
  label: 'winston custom format',
  timestamp: '29-03-2023 20:48:27'
}
{
  message: 'Success in reading all -users',
  level: 'info',
  label: 'winston custom format',
  timestamp: '29-03-2023 20:50:24'
}
{
  message: 'warn in reading all users',
  level: 'warn',
  label: 'winston custom format',
  timestamp: '29-03-2023 20:50:24'
}
{
  message: 'error in reading users',
  level: 'error',
  label: 'winston custom format',
  timestamp: '29-03-2023 20:50:24'
}
{
  message: 'debug in reading users',
  level: 'debug',
  label: 'winston custom format',
  timestamp: '29-03-2023 20:50:24'
}
