{
  message: 'Success in reading all -users',
  level: 'info',
  label: 'winston custom format',
  timestamp: '22-03-2023 18:40:20'
}
{
  message: 'warn in reading all users',
  level: 'warn',
  label: 'winston custom format',
  timestamp: '22-03-2023 18:40:20'
}
{
  message: 'error in reading users',
  level: 'error',
  label: 'winston custom format',
  timestamp: '22-03-2023 18:40:20'
}
{
  message: 'debug in reading users',
  level: 'debug',
  label: 'winston custom format',
  timestamp: '22-03-2023 18:40:20'
}
{
  message: 'Success in reading all -users',
  level: 'info',
  label: 'winston custom format',
  timestamp: '22-03-2023 18:51:51'
}
{
  message: 'warn in reading all users',
  level: 'warn',
  label: 'winston custom format',
  timestamp: '22-03-2023 18:51:51'
}
{
  message: 'error in reading users',
  level: 'error',
  label: 'winston custom format',
  timestamp: '22-03-2023 18:51:51'
}
{
  message: 'debug in reading users',
  level: 'debug',
  label: 'winston custom format',
  timestamp: '22-03-2023 18:51:51'
}
